[0.827s] Invoking command in '/home/dibyendu/ros2_ws/src/my_robot_controller': PYTHONPATH=/home/dibyendu/ros2_ws/build/my_robot_controller/prefix_override:/usr/lib/python3/dist-packages/colcon_core/task/python/colcon_distutils_commands:/home/dibyendu/ros2_ws/install/my_robot_controller/lib/python3.10/site-packages:${PYTHONPATH} /usr/bin/python3 -W ignore:setup.py install is deprecated -W ignore:easy_install command is deprecated setup.py egg_info --egg-base ../../build/my_robot_controller build --build-base /home/dibyendu/ros2_ws/build/my_robot_controller/build install --record /home/dibyendu/ros2_ws/build/my_robot_controller/install.log --single-version-externally-managed install_data
[1.083s] running egg_info
[1.083s] creating ../../build/my_robot_controller/my_robot_controller.egg-info
[1.084s] writing ../../build/my_robot_controller/my_robot_controller.egg-info/PKG-INFO
[1.084s] writing dependency_links to ../../build/my_robot_controller/my_robot_controller.egg-info/dependency_links.txt
[1.084s] writing entry points to ../../build/my_robot_controller/my_robot_controller.egg-info/entry_points.txt
[1.084s] writing requirements to ../../build/my_robot_controller/my_robot_controller.egg-info/requires.txt
[1.084s] writing top-level names to ../../build/my_robot_controller/my_robot_controller.egg-info/top_level.txt
[1.085s] writing manifest file '../../build/my_robot_controller/my_robot_controller.egg-info/SOURCES.txt'
[1.086s] reading manifest file '../../build/my_robot_controller/my_robot_controller.egg-info/SOURCES.txt'
[1.087s] writing manifest file '../../build/my_robot_controller/my_robot_controller.egg-info/SOURCES.txt'
[1.087s] running build
[1.087s] running build_py
[1.087s] creating /home/dibyendu/ros2_ws/build/my_robot_controller/build
[1.087s] creating /home/dibyendu/ros2_ws/build/my_robot_controller/build/lib
[1.087s] creating /home/dibyendu/ros2_ws/build/my_robot_controller/build/lib/my_robot_controller
[1.088s] copying my_robot_controller/__init__.py -> /home/dibyendu/ros2_ws/build/my_robot_controller/build/lib/my_robot_controller
[1.088s] running install
[1.088s] running install_lib
[1.088s] creating /home/dibyendu/ros2_ws/install/my_robot_controller/lib/python3.10/site-packages/my_robot_controller
[1.089s] copying /home/dibyendu/ros2_ws/build/my_robot_controller/build/lib/my_robot_controller/__init__.py -> /home/dibyendu/ros2_ws/install/my_robot_controller/lib/python3.10/site-packages/my_robot_controller
[1.089s] byte-compiling /home/dibyendu/ros2_ws/install/my_robot_controller/lib/python3.10/site-packages/my_robot_controller/__init__.py to __init__.cpython-310.pyc
[1.089s] running install_data
[1.090s] creating /home/dibyendu/ros2_ws/install/my_robot_controller/share/ament_index
[1.090s] creating /home/dibyendu/ros2_ws/install/my_robot_controller/share/ament_index/resource_index
[1.090s] creating /home/dibyendu/ros2_ws/install/my_robot_controller/share/ament_index/resource_index/packages
[1.090s] copying resource/my_robot_controller -> /home/dibyendu/ros2_ws/install/my_robot_controller/share/ament_index/resource_index/packages
[1.090s] copying package.xml -> /home/dibyendu/ros2_ws/install/my_robot_controller/share/my_robot_controller
[1.090s] running install_egg_info
[1.092s] Copying ../../build/my_robot_controller/my_robot_controller.egg-info to /home/dibyendu/ros2_ws/install/my_robot_controller/lib/python3.10/site-packages/my_robot_controller-0.0.0-py3.10.egg-info
[1.093s] running install_scripts
[1.115s] writing list of installed files to '/home/dibyendu/ros2_ws/build/my_robot_controller/install.log'
[1.142s] Invoked command in '/home/dibyendu/ros2_ws/src/my_robot_controller' returned '0': PYTHONPATH=/home/dibyendu/ros2_ws/build/my_robot_controller/prefix_override:/usr/lib/python3/dist-packages/colcon_core/task/python/colcon_distutils_commands:/home/dibyendu/ros2_ws/install/my_robot_controller/lib/python3.10/site-packages:${PYTHONPATH} /usr/bin/python3 -W ignore:setup.py install is deprecated -W ignore:easy_install command is deprecated setup.py egg_info --egg-base ../../build/my_robot_controller build --build-base /home/dibyendu/ros2_ws/build/my_robot_controller/build install --record /home/dibyendu/ros2_ws/build/my_robot_controller/install.log --single-version-externally-managed install_data
