[0.712s] Invoking command in '/home/dibyendu/ros2_ws/src/my_robot_controller': PYTHONPATH=/home/dibyendu/ros2_ws/build/my_robot_controller/prefix_override:/usr/lib/python3/dist-packages/colcon_core/task/python/colcon_distutils_commands:/home/dibyendu/ros2_ws/install/my_robot_controller/lib/python3.10/site-packages:${PYTHONPATH} /usr/bin/python3 -W ignore:setup.py install is deprecated -W ignore:easy_install command is deprecated setup.py egg_info --egg-base ../../build/my_robot_controller build --build-base /home/dibyendu/ros2_ws/build/my_robot_controller/build install --record /home/dibyendu/ros2_ws/build/my_robot_controller/install.log --single-version-externally-managed install_data
[0.985s] running egg_info
[0.985s] writing ../../build/my_robot_controller/my_robot_controller.egg-info/PKG-INFO
[0.986s] writing dependency_links to ../../build/my_robot_controller/my_robot_controller.egg-info/dependency_links.txt
[0.986s] writing entry points to ../../build/my_robot_controller/my_robot_controller.egg-info/entry_points.txt
[0.986s] writing requirements to ../../build/my_robot_controller/my_robot_controller.egg-info/requires.txt
[0.986s] writing top-level names to ../../build/my_robot_controller/my_robot_controller.egg-info/top_level.txt
[0.988s] reading manifest file '../../build/my_robot_controller/my_robot_controller.egg-info/SOURCES.txt'
[0.989s] writing manifest file '../../build/my_robot_controller/my_robot_controller.egg-info/SOURCES.txt'
[0.989s] running build
[0.989s] running build_py
[0.989s] running install
[0.990s] running install_lib
[0.991s] running install_data
[0.991s] running install_egg_info
[0.993s] removing '/home/dibyendu/ros2_ws/install/my_robot_controller/lib/python3.10/site-packages/my_robot_controller-0.0.0-py3.10.egg-info' (and everything under it)
[0.993s] Copying ../../build/my_robot_controller/my_robot_controller.egg-info to /home/dibyendu/ros2_ws/install/my_robot_controller/lib/python3.10/site-packages/my_robot_controller-0.0.0-py3.10.egg-info
[0.995s] running install_scripts
[1.016s] Installing test_node script to /home/dibyendu/ros2_ws/install/my_robot_controller/lib/my_robot_controller
[1.016s] writing list of installed files to '/home/dibyendu/ros2_ws/build/my_robot_controller/install.log'
[1.045s] Invoked command in '/home/dibyendu/ros2_ws/src/my_robot_controller' returned '0': PYTHONPATH=/home/dibyendu/ros2_ws/build/my_robot_controller/prefix_override:/usr/lib/python3/dist-packages/colcon_core/task/python/colcon_distutils_commands:/home/dibyendu/ros2_ws/install/my_robot_controller/lib/python3.10/site-packages:${PYTHONPATH} /usr/bin/python3 -W ignore:setup.py install is deprecated -W ignore:easy_install command is deprecated setup.py egg_info --egg-base ../../build/my_robot_controller build --build-base /home/dibyendu/ros2_ws/build/my_robot_controller/build install --record /home/dibyendu/ros2_ws/build/my_robot_controller/install.log --single-version-externally-managed install_data
