[0.722s] Invoking command in '/home/dibyendu/ros2_ws/src/my_robot_controller': PYTHONPATH=/home/dibyendu/ros2_ws/build/my_robot_controller/prefix_override:/usr/lib/python3/dist-packages/colcon_core/task/python/colcon_distutils_commands:/home/dibyendu/ros2_ws/install/my_robot_controller/lib/python3.10/site-packages:${PYTHONPATH} /usr/bin/python3 -W ignore:setup.py install is deprecated -W ignore:easy_install command is deprecated setup.py egg_info --egg-base ../../build/my_robot_controller build --build-base /home/dibyendu/ros2_ws/build/my_robot_controller/build install --record /home/dibyendu/ros2_ws/build/my_robot_controller/install.log --single-version-externally-managed install_data
[0.993s] running egg_info
[0.994s] writing ../../build/my_robot_controller/my_robot_controller.egg-info/PKG-INFO
[0.994s] writing dependency_links to ../../build/my_robot_controller/my_robot_controller.egg-info/dependency_links.txt
[0.994s] writing entry points to ../../build/my_robot_controller/my_robot_controller.egg-info/entry_points.txt
[0.994s] writing requirements to ../../build/my_robot_controller/my_robot_controller.egg-info/requires.txt
[0.995s] writing top-level names to ../../build/my_robot_controller/my_robot_controller.egg-info/top_level.txt
[0.996s] reading manifest file '../../build/my_robot_controller/my_robot_controller.egg-info/SOURCES.txt'
[0.997s] writing manifest file '../../build/my_robot_controller/my_robot_controller.egg-info/SOURCES.txt'
[0.997s] running build
[0.998s] running build_py
[0.998s] copying my_robot_controller/my_first_node.py -> /home/dibyendu/ros2_ws/build/my_robot_controller/build/lib/my_robot_controller
[0.998s] running install
[0.998s] running install_lib
[0.999s] copying /home/dibyendu/ros2_ws/build/my_robot_controller/build/lib/my_robot_controller/my_first_node.py -> /home/dibyendu/ros2_ws/install/my_robot_controller/lib/python3.10/site-packages/my_robot_controller
[1.000s] byte-compiling /home/dibyendu/ros2_ws/install/my_robot_controller/lib/python3.10/site-packages/my_robot_controller/my_first_node.py to my_first_node.cpython-310.pyc
[1.000s] running install_data
[1.000s] running install_egg_info
[1.002s] removing '/home/dibyendu/ros2_ws/install/my_robot_controller/lib/python3.10/site-packages/my_robot_controller-0.0.0-py3.10.egg-info' (and everything under it)
[1.003s] Copying ../../build/my_robot_controller/my_robot_controller.egg-info to /home/dibyendu/ros2_ws/install/my_robot_controller/lib/python3.10/site-packages/my_robot_controller-0.0.0-py3.10.egg-info
[1.004s] running install_scripts
[1.025s] Installing test_node script to /home/dibyendu/ros2_ws/install/my_robot_controller/lib/my_robot_controller
[1.026s] writing list of installed files to '/home/dibyendu/ros2_ws/build/my_robot_controller/install.log'
[1.054s] Invoked command in '/home/dibyendu/ros2_ws/src/my_robot_controller' returned '0': PYTHONPATH=/home/dibyendu/ros2_ws/build/my_robot_controller/prefix_override:/usr/lib/python3/dist-packages/colcon_core/task/python/colcon_distutils_commands:/home/dibyendu/ros2_ws/install/my_robot_controller/lib/python3.10/site-packages:${PYTHONPATH} /usr/bin/python3 -W ignore:setup.py install is deprecated -W ignore:easy_install command is deprecated setup.py egg_info --egg-base ../../build/my_robot_controller build --build-base /home/dibyendu/ros2_ws/build/my_robot_controller/build install --record /home/dibyendu/ros2_ws/build/my_robot_controller/install.log --single-version-externally-managed install_data
