[0.724s] Invoking command in '/home/dibyendu/ros2_ws/src/my_robot_controller': PYTHONPATH=/home/dibyendu/ros2_ws/build/my_robot_controller/prefix_override:/usr/lib/python3/dist-packages/colcon_core/task/python/colcon_distutils_commands:/home/dibyendu/ros2_ws/install/my_robot_controller/lib/python3.10/site-packages:${PYTHONPATH} /usr/bin/python3 -W ignore:setup.py install is deprecated -W ignore:easy_install command is deprecated setup.py egg_info --egg-base ../../build/my_robot_controller build --build-base /home/dibyendu/ros2_ws/build/my_robot_controller/build install --record /home/dibyendu/ros2_ws/build/my_robot_controller/install.log --single-version-externally-managed install_data
[0.997s] running egg_info
[0.997s] writing ../../build/my_robot_controller/my_robot_controller.egg-info/PKG-INFO
[0.998s] writing dependency_links to ../../build/my_robot_controller/my_robot_controller.egg-info/dependency_links.txt
[0.998s] writing entry points to ../../build/my_robot_controller/my_robot_controller.egg-info/entry_points.txt
[0.998s] writing requirements to ../../build/my_robot_controller/my_robot_controller.egg-info/requires.txt
[0.998s] writing top-level names to ../../build/my_robot_controller/my_robot_controller.egg-info/top_level.txt
[1.000s] reading manifest file '../../build/my_robot_controller/my_robot_controller.egg-info/SOURCES.txt'
[1.001s] writing manifest file '../../build/my_robot_controller/my_robot_controller.egg-info/SOURCES.txt'
[1.001s] running build
[1.001s] running build_py
[1.001s] running install
[1.002s] running install_lib
[1.003s] running install_data
[1.003s] running install_egg_info
[1.005s] removing '/home/dibyendu/ros2_ws/install/my_robot_controller/lib/python3.10/site-packages/my_robot_controller-0.0.0-py3.10.egg-info' (and everything under it)
[1.005s] Copying ../../build/my_robot_controller/my_robot_controller.egg-info to /home/dibyendu/ros2_ws/install/my_robot_controller/lib/python3.10/site-packages/my_robot_controller-0.0.0-py3.10.egg-info
[1.006s] running install_scripts
[1.028s] writing list of installed files to '/home/dibyendu/ros2_ws/build/my_robot_controller/install.log'
[1.056s] Invoked command in '/home/dibyendu/ros2_ws/src/my_robot_controller' returned '0': PYTHONPATH=/home/dibyendu/ros2_ws/build/my_robot_controller/prefix_override:/usr/lib/python3/dist-packages/colcon_core/task/python/colcon_distutils_commands:/home/dibyendu/ros2_ws/install/my_robot_controller/lib/python3.10/site-packages:${PYTHONPATH} /usr/bin/python3 -W ignore:setup.py install is deprecated -W ignore:easy_install command is deprecated setup.py egg_info --egg-base ../../build/my_robot_controller build --build-base /home/dibyendu/ros2_ws/build/my_robot_controller/build install --record /home/dibyendu/ros2_ws/build/my_robot_controller/install.log --single-version-externally-managed install_data
